ARM GAS  /tmp/cc9pS5jp.s 			page 1


   1              		.syntax unified
   2              		.cpu cortex-m4
   3              		.eabi_attribute 27, 1
   4              		.fpu fpv4-sp-d16
   5              		.eabi_attribute 20, 1
   6              		.eabi_attribute 21, 1
   7              		.eabi_attribute 23, 3
   8              		.eabi_attribute 24, 1
   9              		.eabi_attribute 25, 1
  10              		.eabi_attribute 26, 1
  11              		.eabi_attribute 30, 6
  12              		.eabi_attribute 34, 1
  13              		.eabi_attribute 18, 4
  14              		.thumb
  15              		.file	"list.c"
  16              		.text
  17              	.Ltext0:
  18              		.cfi_sections	.debug_frame
  19              		.section	.text.vListInitialise,"ax",%progbits
  20              		.align	2
  21              		.global	vListInitialise
  22              		.thumb
  23              		.thumb_func
  25              	vListInitialise:
  26              	.LFB4:
  27              		.file 1 "/home/vadimstupakov/Data/STM32/STM32Cube/Repository/STM32Cube_FW_F4_V1.10.0/Middlewares/T
   1:/home/vadimstupakov/Data/STM32/STM32Cube/Repository/STM32Cube_FW_F4_V1.10.0/Middlewares/Third_Party/FreeRTOS/Source/list.c **** /*
   2:/home/vadimstupakov/Data/STM32/STM32Cube/Repository/STM32Cube_FW_F4_V1.10.0/Middlewares/Third_Party/FreeRTOS/Source/list.c ****     FreeRTOS V8.2.1 - Copyright (C) 2015 Real Time Engineers Ltd.
   3:/home/vadimstupakov/Data/STM32/STM32Cube/Repository/STM32Cube_FW_F4_V1.10.0/Middlewares/Third_Party/FreeRTOS/Source/list.c ****     All rights reserved
   4:/home/vadimstupakov/Data/STM32/STM32Cube/Repository/STM32Cube_FW_F4_V1.10.0/Middlewares/Third_Party/FreeRTOS/Source/list.c **** 
   5:/home/vadimstupakov/Data/STM32/STM32Cube/Repository/STM32Cube_FW_F4_V1.10.0/Middlewares/Third_Party/FreeRTOS/Source/list.c ****     VISIT http://www.FreeRTOS.org TO ENSURE YOU ARE USING THE LATEST VERSION.
   6:/home/vadimstupakov/Data/STM32/STM32Cube/Repository/STM32Cube_FW_F4_V1.10.0/Middlewares/Third_Party/FreeRTOS/Source/list.c **** 
   7:/home/vadimstupakov/Data/STM32/STM32Cube/Repository/STM32Cube_FW_F4_V1.10.0/Middlewares/Third_Party/FreeRTOS/Source/list.c ****     This file is part of the FreeRTOS distribution.
   8:/home/vadimstupakov/Data/STM32/STM32Cube/Repository/STM32Cube_FW_F4_V1.10.0/Middlewares/Third_Party/FreeRTOS/Source/list.c **** 
   9:/home/vadimstupakov/Data/STM32/STM32Cube/Repository/STM32Cube_FW_F4_V1.10.0/Middlewares/Third_Party/FreeRTOS/Source/list.c ****     FreeRTOS is free software; you can redistribute it and/or modify it under
  10:/home/vadimstupakov/Data/STM32/STM32Cube/Repository/STM32Cube_FW_F4_V1.10.0/Middlewares/Third_Party/FreeRTOS/Source/list.c ****     the terms of the GNU General Public License (version 2) as published by the
  11:/home/vadimstupakov/Data/STM32/STM32Cube/Repository/STM32Cube_FW_F4_V1.10.0/Middlewares/Third_Party/FreeRTOS/Source/list.c ****     Free Software Foundation >>!AND MODIFIED BY!<< the FreeRTOS exception.
  12:/home/vadimstupakov/Data/STM32/STM32Cube/Repository/STM32Cube_FW_F4_V1.10.0/Middlewares/Third_Party/FreeRTOS/Source/list.c **** 
  13:/home/vadimstupakov/Data/STM32/STM32Cube/Repository/STM32Cube_FW_F4_V1.10.0/Middlewares/Third_Party/FreeRTOS/Source/list.c ****     ***************************************************************************
  14:/home/vadimstupakov/Data/STM32/STM32Cube/Repository/STM32Cube_FW_F4_V1.10.0/Middlewares/Third_Party/FreeRTOS/Source/list.c ****     >>!   NOTE: The modification to the GPL is included to allow you to     !<<
  15:/home/vadimstupakov/Data/STM32/STM32Cube/Repository/STM32Cube_FW_F4_V1.10.0/Middlewares/Third_Party/FreeRTOS/Source/list.c ****     >>!   distribute a combined work that includes FreeRTOS without being   !<<
  16:/home/vadimstupakov/Data/STM32/STM32Cube/Repository/STM32Cube_FW_F4_V1.10.0/Middlewares/Third_Party/FreeRTOS/Source/list.c ****     >>!   obliged to provide the source code for proprietary components     !<<
  17:/home/vadimstupakov/Data/STM32/STM32Cube/Repository/STM32Cube_FW_F4_V1.10.0/Middlewares/Third_Party/FreeRTOS/Source/list.c ****     >>!   outside of the FreeRTOS kernel.                                   !<<
  18:/home/vadimstupakov/Data/STM32/STM32Cube/Repository/STM32Cube_FW_F4_V1.10.0/Middlewares/Third_Party/FreeRTOS/Source/list.c ****     ***************************************************************************
  19:/home/vadimstupakov/Data/STM32/STM32Cube/Repository/STM32Cube_FW_F4_V1.10.0/Middlewares/Third_Party/FreeRTOS/Source/list.c **** 
  20:/home/vadimstupakov/Data/STM32/STM32Cube/Repository/STM32Cube_FW_F4_V1.10.0/Middlewares/Third_Party/FreeRTOS/Source/list.c ****     FreeRTOS is distributed in the hope that it will be useful, but WITHOUT ANY
  21:/home/vadimstupakov/Data/STM32/STM32Cube/Repository/STM32Cube_FW_F4_V1.10.0/Middlewares/Third_Party/FreeRTOS/Source/list.c ****     WARRANTY; without even the implied warranty of MERCHANTABILITY or FITNESS
  22:/home/vadimstupakov/Data/STM32/STM32Cube/Repository/STM32Cube_FW_F4_V1.10.0/Middlewares/Third_Party/FreeRTOS/Source/list.c ****     FOR A PARTICULAR PURPOSE.  Full license text is available on the following
  23:/home/vadimstupakov/Data/STM32/STM32Cube/Repository/STM32Cube_FW_F4_V1.10.0/Middlewares/Third_Party/FreeRTOS/Source/list.c ****     link: http://www.freertos.org/a00114.html
  24:/home/vadimstupakov/Data/STM32/STM32Cube/Repository/STM32Cube_FW_F4_V1.10.0/Middlewares/Third_Party/FreeRTOS/Source/list.c **** 
  25:/home/vadimstupakov/Data/STM32/STM32Cube/Repository/STM32Cube_FW_F4_V1.10.0/Middlewares/Third_Party/FreeRTOS/Source/list.c ****     ***************************************************************************
  26:/home/vadimstupakov/Data/STM32/STM32Cube/Repository/STM32Cube_FW_F4_V1.10.0/Middlewares/Third_Party/FreeRTOS/Source/list.c ****      *                                                                       *
  27:/home/vadimstupakov/Data/STM32/STM32Cube/Repository/STM32Cube_FW_F4_V1.10.0/Middlewares/Third_Party/FreeRTOS/Source/list.c ****      *    FreeRTOS provides completely free yet professionally developed,    *
  28:/home/vadimstupakov/Data/STM32/STM32Cube/Repository/STM32Cube_FW_F4_V1.10.0/Middlewares/Third_Party/FreeRTOS/Source/list.c ****      *    robust, strictly quality controlled, supported, and cross          *
  29:/home/vadimstupakov/Data/STM32/STM32Cube/Repository/STM32Cube_FW_F4_V1.10.0/Middlewares/Third_Party/FreeRTOS/Source/list.c ****      *    platform software that is more than just the market leader, it     *
  30:/home/vadimstupakov/Data/STM32/STM32Cube/Repository/STM32Cube_FW_F4_V1.10.0/Middlewares/Third_Party/FreeRTOS/Source/list.c ****      *    is the industry's de facto standard.                               *
  31:/home/vadimstupakov/Data/STM32/STM32Cube/Repository/STM32Cube_FW_F4_V1.10.0/Middlewares/Third_Party/FreeRTOS/Source/list.c ****      *                                                                       *
ARM GAS  /tmp/cc9pS5jp.s 			page 2


  32:/home/vadimstupakov/Data/STM32/STM32Cube/Repository/STM32Cube_FW_F4_V1.10.0/Middlewares/Third_Party/FreeRTOS/Source/list.c ****      *    Help yourself get started quickly while simultaneously helping     *
  33:/home/vadimstupakov/Data/STM32/STM32Cube/Repository/STM32Cube_FW_F4_V1.10.0/Middlewares/Third_Party/FreeRTOS/Source/list.c ****      *    to support the FreeRTOS project by purchasing a FreeRTOS           *
  34:/home/vadimstupakov/Data/STM32/STM32Cube/Repository/STM32Cube_FW_F4_V1.10.0/Middlewares/Third_Party/FreeRTOS/Source/list.c ****      *    tutorial book, reference manual, or both:                          *
  35:/home/vadimstupakov/Data/STM32/STM32Cube/Repository/STM32Cube_FW_F4_V1.10.0/Middlewares/Third_Party/FreeRTOS/Source/list.c ****      *    http://www.FreeRTOS.org/Documentation                              *
  36:/home/vadimstupakov/Data/STM32/STM32Cube/Repository/STM32Cube_FW_F4_V1.10.0/Middlewares/Third_Party/FreeRTOS/Source/list.c ****      *                                                                       *
  37:/home/vadimstupakov/Data/STM32/STM32Cube/Repository/STM32Cube_FW_F4_V1.10.0/Middlewares/Third_Party/FreeRTOS/Source/list.c ****     ***************************************************************************
  38:/home/vadimstupakov/Data/STM32/STM32Cube/Repository/STM32Cube_FW_F4_V1.10.0/Middlewares/Third_Party/FreeRTOS/Source/list.c **** 
  39:/home/vadimstupakov/Data/STM32/STM32Cube/Repository/STM32Cube_FW_F4_V1.10.0/Middlewares/Third_Party/FreeRTOS/Source/list.c ****     http://www.FreeRTOS.org/FAQHelp.html - Having a problem?  Start by reading
  40:/home/vadimstupakov/Data/STM32/STM32Cube/Repository/STM32Cube_FW_F4_V1.10.0/Middlewares/Third_Party/FreeRTOS/Source/list.c ****     the FAQ page "My application does not run, what could be wrong?".  Have you
  41:/home/vadimstupakov/Data/STM32/STM32Cube/Repository/STM32Cube_FW_F4_V1.10.0/Middlewares/Third_Party/FreeRTOS/Source/list.c ****     defined configASSERT()?
  42:/home/vadimstupakov/Data/STM32/STM32Cube/Repository/STM32Cube_FW_F4_V1.10.0/Middlewares/Third_Party/FreeRTOS/Source/list.c **** 
  43:/home/vadimstupakov/Data/STM32/STM32Cube/Repository/STM32Cube_FW_F4_V1.10.0/Middlewares/Third_Party/FreeRTOS/Source/list.c ****     http://www.FreeRTOS.org/support - In return for receiving this top quality
  44:/home/vadimstupakov/Data/STM32/STM32Cube/Repository/STM32Cube_FW_F4_V1.10.0/Middlewares/Third_Party/FreeRTOS/Source/list.c ****     embedded software for free we request you assist our global community by
  45:/home/vadimstupakov/Data/STM32/STM32Cube/Repository/STM32Cube_FW_F4_V1.10.0/Middlewares/Third_Party/FreeRTOS/Source/list.c ****     participating in the support forum.
  46:/home/vadimstupakov/Data/STM32/STM32Cube/Repository/STM32Cube_FW_F4_V1.10.0/Middlewares/Third_Party/FreeRTOS/Source/list.c **** 
  47:/home/vadimstupakov/Data/STM32/STM32Cube/Repository/STM32Cube_FW_F4_V1.10.0/Middlewares/Third_Party/FreeRTOS/Source/list.c ****     http://www.FreeRTOS.org/training - Investing in training allows your team to
  48:/home/vadimstupakov/Data/STM32/STM32Cube/Repository/STM32Cube_FW_F4_V1.10.0/Middlewares/Third_Party/FreeRTOS/Source/list.c ****     be as productive as possible as early as possible.  Now you can receive
  49:/home/vadimstupakov/Data/STM32/STM32Cube/Repository/STM32Cube_FW_F4_V1.10.0/Middlewares/Third_Party/FreeRTOS/Source/list.c ****     FreeRTOS training directly from Richard Barry, CEO of Real Time Engineers
  50:/home/vadimstupakov/Data/STM32/STM32Cube/Repository/STM32Cube_FW_F4_V1.10.0/Middlewares/Third_Party/FreeRTOS/Source/list.c ****     Ltd, and the world's leading authority on the world's leading RTOS.
  51:/home/vadimstupakov/Data/STM32/STM32Cube/Repository/STM32Cube_FW_F4_V1.10.0/Middlewares/Third_Party/FreeRTOS/Source/list.c **** 
  52:/home/vadimstupakov/Data/STM32/STM32Cube/Repository/STM32Cube_FW_F4_V1.10.0/Middlewares/Third_Party/FreeRTOS/Source/list.c ****     http://www.FreeRTOS.org/plus - A selection of FreeRTOS ecosystem products,
  53:/home/vadimstupakov/Data/STM32/STM32Cube/Repository/STM32Cube_FW_F4_V1.10.0/Middlewares/Third_Party/FreeRTOS/Source/list.c ****     including FreeRTOS+Trace - an indispensable productivity tool, a DOS
  54:/home/vadimstupakov/Data/STM32/STM32Cube/Repository/STM32Cube_FW_F4_V1.10.0/Middlewares/Third_Party/FreeRTOS/Source/list.c ****     compatible FAT file system, and our tiny thread aware UDP/IP stack.
  55:/home/vadimstupakov/Data/STM32/STM32Cube/Repository/STM32Cube_FW_F4_V1.10.0/Middlewares/Third_Party/FreeRTOS/Source/list.c **** 
  56:/home/vadimstupakov/Data/STM32/STM32Cube/Repository/STM32Cube_FW_F4_V1.10.0/Middlewares/Third_Party/FreeRTOS/Source/list.c ****     http://www.FreeRTOS.org/labs - Where new FreeRTOS products go to incubate.
  57:/home/vadimstupakov/Data/STM32/STM32Cube/Repository/STM32Cube_FW_F4_V1.10.0/Middlewares/Third_Party/FreeRTOS/Source/list.c ****     Come and try FreeRTOS+TCP, our new open source TCP/IP stack for FreeRTOS.
  58:/home/vadimstupakov/Data/STM32/STM32Cube/Repository/STM32Cube_FW_F4_V1.10.0/Middlewares/Third_Party/FreeRTOS/Source/list.c **** 
  59:/home/vadimstupakov/Data/STM32/STM32Cube/Repository/STM32Cube_FW_F4_V1.10.0/Middlewares/Third_Party/FreeRTOS/Source/list.c ****     http://www.OpenRTOS.com - Real Time Engineers ltd. license FreeRTOS to High
  60:/home/vadimstupakov/Data/STM32/STM32Cube/Repository/STM32Cube_FW_F4_V1.10.0/Middlewares/Third_Party/FreeRTOS/Source/list.c ****     Integrity Systems ltd. to sell under the OpenRTOS brand.  Low cost OpenRTOS
  61:/home/vadimstupakov/Data/STM32/STM32Cube/Repository/STM32Cube_FW_F4_V1.10.0/Middlewares/Third_Party/FreeRTOS/Source/list.c ****     licenses offer ticketed support, indemnification and commercial middleware.
  62:/home/vadimstupakov/Data/STM32/STM32Cube/Repository/STM32Cube_FW_F4_V1.10.0/Middlewares/Third_Party/FreeRTOS/Source/list.c **** 
  63:/home/vadimstupakov/Data/STM32/STM32Cube/Repository/STM32Cube_FW_F4_V1.10.0/Middlewares/Third_Party/FreeRTOS/Source/list.c ****     http://www.SafeRTOS.com - High Integrity Systems also provide a safety
  64:/home/vadimstupakov/Data/STM32/STM32Cube/Repository/STM32Cube_FW_F4_V1.10.0/Middlewares/Third_Party/FreeRTOS/Source/list.c ****     engineered and independently SIL3 certified version for use in safety and
  65:/home/vadimstupakov/Data/STM32/STM32Cube/Repository/STM32Cube_FW_F4_V1.10.0/Middlewares/Third_Party/FreeRTOS/Source/list.c ****     mission critical applications that require provable dependability.
  66:/home/vadimstupakov/Data/STM32/STM32Cube/Repository/STM32Cube_FW_F4_V1.10.0/Middlewares/Third_Party/FreeRTOS/Source/list.c **** 
  67:/home/vadimstupakov/Data/STM32/STM32Cube/Repository/STM32Cube_FW_F4_V1.10.0/Middlewares/Third_Party/FreeRTOS/Source/list.c ****     1 tab == 4 spaces!
  68:/home/vadimstupakov/Data/STM32/STM32Cube/Repository/STM32Cube_FW_F4_V1.10.0/Middlewares/Third_Party/FreeRTOS/Source/list.c **** */
  69:/home/vadimstupakov/Data/STM32/STM32Cube/Repository/STM32Cube_FW_F4_V1.10.0/Middlewares/Third_Party/FreeRTOS/Source/list.c **** 
  70:/home/vadimstupakov/Data/STM32/STM32Cube/Repository/STM32Cube_FW_F4_V1.10.0/Middlewares/Third_Party/FreeRTOS/Source/list.c **** 
  71:/home/vadimstupakov/Data/STM32/STM32Cube/Repository/STM32Cube_FW_F4_V1.10.0/Middlewares/Third_Party/FreeRTOS/Source/list.c **** #include <stdlib.h>
  72:/home/vadimstupakov/Data/STM32/STM32Cube/Repository/STM32Cube_FW_F4_V1.10.0/Middlewares/Third_Party/FreeRTOS/Source/list.c **** #include "FreeRTOS.h"
  73:/home/vadimstupakov/Data/STM32/STM32Cube/Repository/STM32Cube_FW_F4_V1.10.0/Middlewares/Third_Party/FreeRTOS/Source/list.c **** #include "list.h"
  74:/home/vadimstupakov/Data/STM32/STM32Cube/Repository/STM32Cube_FW_F4_V1.10.0/Middlewares/Third_Party/FreeRTOS/Source/list.c **** 
  75:/home/vadimstupakov/Data/STM32/STM32Cube/Repository/STM32Cube_FW_F4_V1.10.0/Middlewares/Third_Party/FreeRTOS/Source/list.c **** /*-----------------------------------------------------------
  76:/home/vadimstupakov/Data/STM32/STM32Cube/Repository/STM32Cube_FW_F4_V1.10.0/Middlewares/Third_Party/FreeRTOS/Source/list.c ****  * PUBLIC LIST API documented in list.h
  77:/home/vadimstupakov/Data/STM32/STM32Cube/Repository/STM32Cube_FW_F4_V1.10.0/Middlewares/Third_Party/FreeRTOS/Source/list.c ****  *----------------------------------------------------------*/
  78:/home/vadimstupakov/Data/STM32/STM32Cube/Repository/STM32Cube_FW_F4_V1.10.0/Middlewares/Third_Party/FreeRTOS/Source/list.c **** 
  79:/home/vadimstupakov/Data/STM32/STM32Cube/Repository/STM32Cube_FW_F4_V1.10.0/Middlewares/Third_Party/FreeRTOS/Source/list.c **** void vListInitialise( List_t * const pxList )
  80:/home/vadimstupakov/Data/STM32/STM32Cube/Repository/STM32Cube_FW_F4_V1.10.0/Middlewares/Third_Party/FreeRTOS/Source/list.c **** {
  28              		.loc 1 80 0
  29              		.cfi_startproc
  30              		@ args = 0, pretend = 0, frame = 8
  31              		@ frame_needed = 1, uses_anonymous_args = 0
  32              		@ link register save eliminated.
  33 0000 80B4     		push	{r7}
  34              	.LCFI0:
  35              		.cfi_def_cfa_offset 4
ARM GAS  /tmp/cc9pS5jp.s 			page 3


  36              		.cfi_offset 7, -4
  37 0002 83B0     		sub	sp, sp, #12
  38              	.LCFI1:
  39              		.cfi_def_cfa_offset 16
  40 0004 00AF     		add	r7, sp, #0
  41              	.LCFI2:
  42              		.cfi_def_cfa_register 7
  43 0006 7860     		str	r0, [r7, #4]
  81:/home/vadimstupakov/Data/STM32/STM32Cube/Repository/STM32Cube_FW_F4_V1.10.0/Middlewares/Third_Party/FreeRTOS/Source/list.c **** 	/* The list structure contains a list item which is used to mark the
  82:/home/vadimstupakov/Data/STM32/STM32Cube/Repository/STM32Cube_FW_F4_V1.10.0/Middlewares/Third_Party/FreeRTOS/Source/list.c **** 	end of the list.  To initialise the list the list end is inserted
  83:/home/vadimstupakov/Data/STM32/STM32Cube/Repository/STM32Cube_FW_F4_V1.10.0/Middlewares/Third_Party/FreeRTOS/Source/list.c **** 	as the only list entry. */
  84:/home/vadimstupakov/Data/STM32/STM32Cube/Repository/STM32Cube_FW_F4_V1.10.0/Middlewares/Third_Party/FreeRTOS/Source/list.c **** 	pxList->pxIndex = ( ListItem_t * ) &( pxList->xListEnd );			/*lint !e826 !e740 The mini list struc
  44              		.loc 1 84 0
  45 0008 7B68     		ldr	r3, [r7, #4]
  46 000a 03F10802 		add	r2, r3, #8
  47 000e 7B68     		ldr	r3, [r7, #4]
  48 0010 5A60     		str	r2, [r3, #4]
  85:/home/vadimstupakov/Data/STM32/STM32Cube/Repository/STM32Cube_FW_F4_V1.10.0/Middlewares/Third_Party/FreeRTOS/Source/list.c **** 
  86:/home/vadimstupakov/Data/STM32/STM32Cube/Repository/STM32Cube_FW_F4_V1.10.0/Middlewares/Third_Party/FreeRTOS/Source/list.c **** 	/* The list end value is the highest possible value in the list to
  87:/home/vadimstupakov/Data/STM32/STM32Cube/Repository/STM32Cube_FW_F4_V1.10.0/Middlewares/Third_Party/FreeRTOS/Source/list.c **** 	ensure it remains at the end of the list. */
  88:/home/vadimstupakov/Data/STM32/STM32Cube/Repository/STM32Cube_FW_F4_V1.10.0/Middlewares/Third_Party/FreeRTOS/Source/list.c **** 	pxList->xListEnd.xItemValue = portMAX_DELAY;
  49              		.loc 1 88 0
  50 0012 7B68     		ldr	r3, [r7, #4]
  51 0014 4FF0FF32 		mov	r2, #-1
  52 0018 9A60     		str	r2, [r3, #8]
  89:/home/vadimstupakov/Data/STM32/STM32Cube/Repository/STM32Cube_FW_F4_V1.10.0/Middlewares/Third_Party/FreeRTOS/Source/list.c **** 
  90:/home/vadimstupakov/Data/STM32/STM32Cube/Repository/STM32Cube_FW_F4_V1.10.0/Middlewares/Third_Party/FreeRTOS/Source/list.c **** 	/* The list end next and previous pointers point to itself so we know
  91:/home/vadimstupakov/Data/STM32/STM32Cube/Repository/STM32Cube_FW_F4_V1.10.0/Middlewares/Third_Party/FreeRTOS/Source/list.c **** 	when the list is empty. */
  92:/home/vadimstupakov/Data/STM32/STM32Cube/Repository/STM32Cube_FW_F4_V1.10.0/Middlewares/Third_Party/FreeRTOS/Source/list.c **** 	pxList->xListEnd.pxNext = ( ListItem_t * ) &( pxList->xListEnd );	/*lint !e826 !e740 The mini list
  53              		.loc 1 92 0
  54 001a 7B68     		ldr	r3, [r7, #4]
  55 001c 03F10802 		add	r2, r3, #8
  56 0020 7B68     		ldr	r3, [r7, #4]
  57 0022 DA60     		str	r2, [r3, #12]
  93:/home/vadimstupakov/Data/STM32/STM32Cube/Repository/STM32Cube_FW_F4_V1.10.0/Middlewares/Third_Party/FreeRTOS/Source/list.c **** 	pxList->xListEnd.pxPrevious = ( ListItem_t * ) &( pxList->xListEnd );/*lint !e826 !e740 The mini l
  58              		.loc 1 93 0
  59 0024 7B68     		ldr	r3, [r7, #4]
  60 0026 03F10802 		add	r2, r3, #8
  61 002a 7B68     		ldr	r3, [r7, #4]
  62 002c 1A61     		str	r2, [r3, #16]
  94:/home/vadimstupakov/Data/STM32/STM32Cube/Repository/STM32Cube_FW_F4_V1.10.0/Middlewares/Third_Party/FreeRTOS/Source/list.c **** 
  95:/home/vadimstupakov/Data/STM32/STM32Cube/Repository/STM32Cube_FW_F4_V1.10.0/Middlewares/Third_Party/FreeRTOS/Source/list.c **** 	pxList->uxNumberOfItems = ( UBaseType_t ) 0U;
  63              		.loc 1 95 0
  64 002e 7B68     		ldr	r3, [r7, #4]
  65 0030 0022     		movs	r2, #0
  66 0032 1A60     		str	r2, [r3]
  96:/home/vadimstupakov/Data/STM32/STM32Cube/Repository/STM32Cube_FW_F4_V1.10.0/Middlewares/Third_Party/FreeRTOS/Source/list.c **** 
  97:/home/vadimstupakov/Data/STM32/STM32Cube/Repository/STM32Cube_FW_F4_V1.10.0/Middlewares/Third_Party/FreeRTOS/Source/list.c **** 	/* Write known values into the list if
  98:/home/vadimstupakov/Data/STM32/STM32Cube/Repository/STM32Cube_FW_F4_V1.10.0/Middlewares/Third_Party/FreeRTOS/Source/list.c **** 	configUSE_LIST_DATA_INTEGRITY_CHECK_BYTES is set to 1. */
  99:/home/vadimstupakov/Data/STM32/STM32Cube/Repository/STM32Cube_FW_F4_V1.10.0/Middlewares/Third_Party/FreeRTOS/Source/list.c **** 	listSET_LIST_INTEGRITY_CHECK_1_VALUE( pxList );
 100:/home/vadimstupakov/Data/STM32/STM32Cube/Repository/STM32Cube_FW_F4_V1.10.0/Middlewares/Third_Party/FreeRTOS/Source/list.c **** 	listSET_LIST_INTEGRITY_CHECK_2_VALUE( pxList );
 101:/home/vadimstupakov/Data/STM32/STM32Cube/Repository/STM32Cube_FW_F4_V1.10.0/Middlewares/Third_Party/FreeRTOS/Source/list.c **** }
  67              		.loc 1 101 0
  68 0034 0C37     		adds	r7, r7, #12
  69              	.LCFI3:
  70              		.cfi_def_cfa_offset 4
  71 0036 BD46     		mov	sp, r7
ARM GAS  /tmp/cc9pS5jp.s 			page 4


  72              	.LCFI4:
  73              		.cfi_def_cfa_register 13
  74              		@ sp needed
  75 0038 5DF8047B 		ldr	r7, [sp], #4
  76              	.LCFI5:
  77              		.cfi_restore 7
  78              		.cfi_def_cfa_offset 0
  79 003c 7047     		bx	lr
  80              		.cfi_endproc
  81              	.LFE4:
  83 003e 00BF     		.section	.text.vListInitialiseItem,"ax",%progbits
  84              		.align	2
  85              		.global	vListInitialiseItem
  86              		.thumb
  87              		.thumb_func
  89              	vListInitialiseItem:
  90              	.LFB5:
 102:/home/vadimstupakov/Data/STM32/STM32Cube/Repository/STM32Cube_FW_F4_V1.10.0/Middlewares/Third_Party/FreeRTOS/Source/list.c **** /*-----------------------------------------------------------*/
 103:/home/vadimstupakov/Data/STM32/STM32Cube/Repository/STM32Cube_FW_F4_V1.10.0/Middlewares/Third_Party/FreeRTOS/Source/list.c **** 
 104:/home/vadimstupakov/Data/STM32/STM32Cube/Repository/STM32Cube_FW_F4_V1.10.0/Middlewares/Third_Party/FreeRTOS/Source/list.c **** void vListInitialiseItem( ListItem_t * const pxItem )
 105:/home/vadimstupakov/Data/STM32/STM32Cube/Repository/STM32Cube_FW_F4_V1.10.0/Middlewares/Third_Party/FreeRTOS/Source/list.c **** {
  91              		.loc 1 105 0
  92              		.cfi_startproc
  93              		@ args = 0, pretend = 0, frame = 8
  94              		@ frame_needed = 1, uses_anonymous_args = 0
  95              		@ link register save eliminated.
  96 0000 80B4     		push	{r7}
  97              	.LCFI6:
  98              		.cfi_def_cfa_offset 4
  99              		.cfi_offset 7, -4
 100 0002 83B0     		sub	sp, sp, #12
 101              	.LCFI7:
 102              		.cfi_def_cfa_offset 16
 103 0004 00AF     		add	r7, sp, #0
 104              	.LCFI8:
 105              		.cfi_def_cfa_register 7
 106 0006 7860     		str	r0, [r7, #4]
 106:/home/vadimstupakov/Data/STM32/STM32Cube/Repository/STM32Cube_FW_F4_V1.10.0/Middlewares/Third_Party/FreeRTOS/Source/list.c **** 	/* Make sure the list item is not recorded as being on a list. */
 107:/home/vadimstupakov/Data/STM32/STM32Cube/Repository/STM32Cube_FW_F4_V1.10.0/Middlewares/Third_Party/FreeRTOS/Source/list.c **** 	pxItem->pvContainer = NULL;
 107              		.loc 1 107 0
 108 0008 7B68     		ldr	r3, [r7, #4]
 109 000a 0022     		movs	r2, #0
 110 000c 1A61     		str	r2, [r3, #16]
 108:/home/vadimstupakov/Data/STM32/STM32Cube/Repository/STM32Cube_FW_F4_V1.10.0/Middlewares/Third_Party/FreeRTOS/Source/list.c **** 
 109:/home/vadimstupakov/Data/STM32/STM32Cube/Repository/STM32Cube_FW_F4_V1.10.0/Middlewares/Third_Party/FreeRTOS/Source/list.c **** 	/* Write known values into the list item if
 110:/home/vadimstupakov/Data/STM32/STM32Cube/Repository/STM32Cube_FW_F4_V1.10.0/Middlewares/Third_Party/FreeRTOS/Source/list.c **** 	configUSE_LIST_DATA_INTEGRITY_CHECK_BYTES is set to 1. */
 111:/home/vadimstupakov/Data/STM32/STM32Cube/Repository/STM32Cube_FW_F4_V1.10.0/Middlewares/Third_Party/FreeRTOS/Source/list.c **** 	listSET_FIRST_LIST_ITEM_INTEGRITY_CHECK_VALUE( pxItem );
 112:/home/vadimstupakov/Data/STM32/STM32Cube/Repository/STM32Cube_FW_F4_V1.10.0/Middlewares/Third_Party/FreeRTOS/Source/list.c **** 	listSET_SECOND_LIST_ITEM_INTEGRITY_CHECK_VALUE( pxItem );
 113:/home/vadimstupakov/Data/STM32/STM32Cube/Repository/STM32Cube_FW_F4_V1.10.0/Middlewares/Third_Party/FreeRTOS/Source/list.c **** }
 111              		.loc 1 113 0
 112 000e 0C37     		adds	r7, r7, #12
 113              	.LCFI9:
 114              		.cfi_def_cfa_offset 4
 115 0010 BD46     		mov	sp, r7
 116              	.LCFI10:
 117              		.cfi_def_cfa_register 13
 118              		@ sp needed
ARM GAS  /tmp/cc9pS5jp.s 			page 5


 119 0012 5DF8047B 		ldr	r7, [sp], #4
 120              	.LCFI11:
 121              		.cfi_restore 7
 122              		.cfi_def_cfa_offset 0
 123 0016 7047     		bx	lr
 124              		.cfi_endproc
 125              	.LFE5:
 127              		.section	.text.vListInsertEnd,"ax",%progbits
 128              		.align	2
 129              		.global	vListInsertEnd
 130              		.thumb
 131              		.thumb_func
 133              	vListInsertEnd:
 134              	.LFB6:
 114:/home/vadimstupakov/Data/STM32/STM32Cube/Repository/STM32Cube_FW_F4_V1.10.0/Middlewares/Third_Party/FreeRTOS/Source/list.c **** /*-----------------------------------------------------------*/
 115:/home/vadimstupakov/Data/STM32/STM32Cube/Repository/STM32Cube_FW_F4_V1.10.0/Middlewares/Third_Party/FreeRTOS/Source/list.c **** 
 116:/home/vadimstupakov/Data/STM32/STM32Cube/Repository/STM32Cube_FW_F4_V1.10.0/Middlewares/Third_Party/FreeRTOS/Source/list.c **** void vListInsertEnd( List_t * const pxList, ListItem_t * const pxNewListItem )
 117:/home/vadimstupakov/Data/STM32/STM32Cube/Repository/STM32Cube_FW_F4_V1.10.0/Middlewares/Third_Party/FreeRTOS/Source/list.c **** {
 135              		.loc 1 117 0
 136              		.cfi_startproc
 137              		@ args = 0, pretend = 0, frame = 16
 138              		@ frame_needed = 1, uses_anonymous_args = 0
 139              		@ link register save eliminated.
 140 0000 80B4     		push	{r7}
 141              	.LCFI12:
 142              		.cfi_def_cfa_offset 4
 143              		.cfi_offset 7, -4
 144 0002 85B0     		sub	sp, sp, #20
 145              	.LCFI13:
 146              		.cfi_def_cfa_offset 24
 147 0004 00AF     		add	r7, sp, #0
 148              	.LCFI14:
 149              		.cfi_def_cfa_register 7
 150 0006 7860     		str	r0, [r7, #4]
 151 0008 3960     		str	r1, [r7]
 118:/home/vadimstupakov/Data/STM32/STM32Cube/Repository/STM32Cube_FW_F4_V1.10.0/Middlewares/Third_Party/FreeRTOS/Source/list.c **** ListItem_t * const pxIndex = pxList->pxIndex;
 152              		.loc 1 118 0
 153 000a 7B68     		ldr	r3, [r7, #4]
 154 000c 5B68     		ldr	r3, [r3, #4]
 155 000e FB60     		str	r3, [r7, #12]
 119:/home/vadimstupakov/Data/STM32/STM32Cube/Repository/STM32Cube_FW_F4_V1.10.0/Middlewares/Third_Party/FreeRTOS/Source/list.c **** 
 120:/home/vadimstupakov/Data/STM32/STM32Cube/Repository/STM32Cube_FW_F4_V1.10.0/Middlewares/Third_Party/FreeRTOS/Source/list.c **** 	/* Only effective when configASSERT() is also defined, these tests may catch
 121:/home/vadimstupakov/Data/STM32/STM32Cube/Repository/STM32Cube_FW_F4_V1.10.0/Middlewares/Third_Party/FreeRTOS/Source/list.c **** 	the list data structures being overwritten in memory.  They will not catch
 122:/home/vadimstupakov/Data/STM32/STM32Cube/Repository/STM32Cube_FW_F4_V1.10.0/Middlewares/Third_Party/FreeRTOS/Source/list.c **** 	data errors caused by incorrect configuration or use of FreeRTOS. */
 123:/home/vadimstupakov/Data/STM32/STM32Cube/Repository/STM32Cube_FW_F4_V1.10.0/Middlewares/Third_Party/FreeRTOS/Source/list.c **** 	listTEST_LIST_INTEGRITY( pxList );
 124:/home/vadimstupakov/Data/STM32/STM32Cube/Repository/STM32Cube_FW_F4_V1.10.0/Middlewares/Third_Party/FreeRTOS/Source/list.c **** 	listTEST_LIST_ITEM_INTEGRITY( pxNewListItem );
 125:/home/vadimstupakov/Data/STM32/STM32Cube/Repository/STM32Cube_FW_F4_V1.10.0/Middlewares/Third_Party/FreeRTOS/Source/list.c **** 
 126:/home/vadimstupakov/Data/STM32/STM32Cube/Repository/STM32Cube_FW_F4_V1.10.0/Middlewares/Third_Party/FreeRTOS/Source/list.c **** 	/* Insert a new list item into pxList, but rather than sort the list,
 127:/home/vadimstupakov/Data/STM32/STM32Cube/Repository/STM32Cube_FW_F4_V1.10.0/Middlewares/Third_Party/FreeRTOS/Source/list.c **** 	makes the new list item the last item to be removed by a call to
 128:/home/vadimstupakov/Data/STM32/STM32Cube/Repository/STM32Cube_FW_F4_V1.10.0/Middlewares/Third_Party/FreeRTOS/Source/list.c **** 	listGET_OWNER_OF_NEXT_ENTRY(). */
 129:/home/vadimstupakov/Data/STM32/STM32Cube/Repository/STM32Cube_FW_F4_V1.10.0/Middlewares/Third_Party/FreeRTOS/Source/list.c **** 	pxNewListItem->pxNext = pxIndex;
 156              		.loc 1 129 0
 157 0010 3B68     		ldr	r3, [r7]
 158 0012 FA68     		ldr	r2, [r7, #12]
 159 0014 5A60     		str	r2, [r3, #4]
 130:/home/vadimstupakov/Data/STM32/STM32Cube/Repository/STM32Cube_FW_F4_V1.10.0/Middlewares/Third_Party/FreeRTOS/Source/list.c **** 	pxNewListItem->pxPrevious = pxIndex->pxPrevious;
 160              		.loc 1 130 0
ARM GAS  /tmp/cc9pS5jp.s 			page 6


 161 0016 FB68     		ldr	r3, [r7, #12]
 162 0018 9A68     		ldr	r2, [r3, #8]
 163 001a 3B68     		ldr	r3, [r7]
 164 001c 9A60     		str	r2, [r3, #8]
 131:/home/vadimstupakov/Data/STM32/STM32Cube/Repository/STM32Cube_FW_F4_V1.10.0/Middlewares/Third_Party/FreeRTOS/Source/list.c **** 
 132:/home/vadimstupakov/Data/STM32/STM32Cube/Repository/STM32Cube_FW_F4_V1.10.0/Middlewares/Third_Party/FreeRTOS/Source/list.c **** 	/* Only used during decision coverage testing. */
 133:/home/vadimstupakov/Data/STM32/STM32Cube/Repository/STM32Cube_FW_F4_V1.10.0/Middlewares/Third_Party/FreeRTOS/Source/list.c **** 	mtCOVERAGE_TEST_DELAY();
 134:/home/vadimstupakov/Data/STM32/STM32Cube/Repository/STM32Cube_FW_F4_V1.10.0/Middlewares/Third_Party/FreeRTOS/Source/list.c **** 
 135:/home/vadimstupakov/Data/STM32/STM32Cube/Repository/STM32Cube_FW_F4_V1.10.0/Middlewares/Third_Party/FreeRTOS/Source/list.c **** 	pxIndex->pxPrevious->pxNext = pxNewListItem;
 165              		.loc 1 135 0
 166 001e FB68     		ldr	r3, [r7, #12]
 167 0020 9B68     		ldr	r3, [r3, #8]
 168 0022 3A68     		ldr	r2, [r7]
 169 0024 5A60     		str	r2, [r3, #4]
 136:/home/vadimstupakov/Data/STM32/STM32Cube/Repository/STM32Cube_FW_F4_V1.10.0/Middlewares/Third_Party/FreeRTOS/Source/list.c **** 	pxIndex->pxPrevious = pxNewListItem;
 170              		.loc 1 136 0
 171 0026 FB68     		ldr	r3, [r7, #12]
 172 0028 3A68     		ldr	r2, [r7]
 173 002a 9A60     		str	r2, [r3, #8]
 137:/home/vadimstupakov/Data/STM32/STM32Cube/Repository/STM32Cube_FW_F4_V1.10.0/Middlewares/Third_Party/FreeRTOS/Source/list.c **** 
 138:/home/vadimstupakov/Data/STM32/STM32Cube/Repository/STM32Cube_FW_F4_V1.10.0/Middlewares/Third_Party/FreeRTOS/Source/list.c **** 	/* Remember which list the item is in. */
 139:/home/vadimstupakov/Data/STM32/STM32Cube/Repository/STM32Cube_FW_F4_V1.10.0/Middlewares/Third_Party/FreeRTOS/Source/list.c **** 	pxNewListItem->pvContainer = ( void * ) pxList;
 174              		.loc 1 139 0
 175 002c 3B68     		ldr	r3, [r7]
 176 002e 7A68     		ldr	r2, [r7, #4]
 177 0030 1A61     		str	r2, [r3, #16]
 140:/home/vadimstupakov/Data/STM32/STM32Cube/Repository/STM32Cube_FW_F4_V1.10.0/Middlewares/Third_Party/FreeRTOS/Source/list.c **** 
 141:/home/vadimstupakov/Data/STM32/STM32Cube/Repository/STM32Cube_FW_F4_V1.10.0/Middlewares/Third_Party/FreeRTOS/Source/list.c **** 	( pxList->uxNumberOfItems )++;
 178              		.loc 1 141 0
 179 0032 7B68     		ldr	r3, [r7, #4]
 180 0034 1B68     		ldr	r3, [r3]
 181 0036 5A1C     		adds	r2, r3, #1
 182 0038 7B68     		ldr	r3, [r7, #4]
 183 003a 1A60     		str	r2, [r3]
 142:/home/vadimstupakov/Data/STM32/STM32Cube/Repository/STM32Cube_FW_F4_V1.10.0/Middlewares/Third_Party/FreeRTOS/Source/list.c **** }
 184              		.loc 1 142 0
 185 003c 1437     		adds	r7, r7, #20
 186              	.LCFI15:
 187              		.cfi_def_cfa_offset 4
 188 003e BD46     		mov	sp, r7
 189              	.LCFI16:
 190              		.cfi_def_cfa_register 13
 191              		@ sp needed
 192 0040 5DF8047B 		ldr	r7, [sp], #4
 193              	.LCFI17:
 194              		.cfi_restore 7
 195              		.cfi_def_cfa_offset 0
 196 0044 7047     		bx	lr
 197              		.cfi_endproc
 198              	.LFE6:
 200 0046 00BF     		.section	.text.vListInsert,"ax",%progbits
 201              		.align	2
 202              		.global	vListInsert
 203              		.thumb
 204              		.thumb_func
 206              	vListInsert:
 207              	.LFB7:
ARM GAS  /tmp/cc9pS5jp.s 			page 7


 143:/home/vadimstupakov/Data/STM32/STM32Cube/Repository/STM32Cube_FW_F4_V1.10.0/Middlewares/Third_Party/FreeRTOS/Source/list.c **** /*-----------------------------------------------------------*/
 144:/home/vadimstupakov/Data/STM32/STM32Cube/Repository/STM32Cube_FW_F4_V1.10.0/Middlewares/Third_Party/FreeRTOS/Source/list.c **** 
 145:/home/vadimstupakov/Data/STM32/STM32Cube/Repository/STM32Cube_FW_F4_V1.10.0/Middlewares/Third_Party/FreeRTOS/Source/list.c **** void vListInsert( List_t * const pxList, ListItem_t * const pxNewListItem )
 146:/home/vadimstupakov/Data/STM32/STM32Cube/Repository/STM32Cube_FW_F4_V1.10.0/Middlewares/Third_Party/FreeRTOS/Source/list.c **** {
 208              		.loc 1 146 0
 209              		.cfi_startproc
 210              		@ args = 0, pretend = 0, frame = 16
 211              		@ frame_needed = 1, uses_anonymous_args = 0
 212              		@ link register save eliminated.
 213 0000 80B4     		push	{r7}
 214              	.LCFI18:
 215              		.cfi_def_cfa_offset 4
 216              		.cfi_offset 7, -4
 217 0002 85B0     		sub	sp, sp, #20
 218              	.LCFI19:
 219              		.cfi_def_cfa_offset 24
 220 0004 00AF     		add	r7, sp, #0
 221              	.LCFI20:
 222              		.cfi_def_cfa_register 7
 223 0006 7860     		str	r0, [r7, #4]
 224 0008 3960     		str	r1, [r7]
 147:/home/vadimstupakov/Data/STM32/STM32Cube/Repository/STM32Cube_FW_F4_V1.10.0/Middlewares/Third_Party/FreeRTOS/Source/list.c **** ListItem_t *pxIterator;
 148:/home/vadimstupakov/Data/STM32/STM32Cube/Repository/STM32Cube_FW_F4_V1.10.0/Middlewares/Third_Party/FreeRTOS/Source/list.c **** const TickType_t xValueOfInsertion = pxNewListItem->xItemValue;
 225              		.loc 1 148 0
 226 000a 3B68     		ldr	r3, [r7]
 227 000c 1B68     		ldr	r3, [r3]
 228 000e BB60     		str	r3, [r7, #8]
 149:/home/vadimstupakov/Data/STM32/STM32Cube/Repository/STM32Cube_FW_F4_V1.10.0/Middlewares/Third_Party/FreeRTOS/Source/list.c **** 
 150:/home/vadimstupakov/Data/STM32/STM32Cube/Repository/STM32Cube_FW_F4_V1.10.0/Middlewares/Third_Party/FreeRTOS/Source/list.c **** 	/* Only effective when configASSERT() is also defined, these tests may catch
 151:/home/vadimstupakov/Data/STM32/STM32Cube/Repository/STM32Cube_FW_F4_V1.10.0/Middlewares/Third_Party/FreeRTOS/Source/list.c **** 	the list data structures being overwritten in memory.  They will not catch
 152:/home/vadimstupakov/Data/STM32/STM32Cube/Repository/STM32Cube_FW_F4_V1.10.0/Middlewares/Third_Party/FreeRTOS/Source/list.c **** 	data errors caused by incorrect configuration or use of FreeRTOS. */
 153:/home/vadimstupakov/Data/STM32/STM32Cube/Repository/STM32Cube_FW_F4_V1.10.0/Middlewares/Third_Party/FreeRTOS/Source/list.c **** 	listTEST_LIST_INTEGRITY( pxList );
 154:/home/vadimstupakov/Data/STM32/STM32Cube/Repository/STM32Cube_FW_F4_V1.10.0/Middlewares/Third_Party/FreeRTOS/Source/list.c **** 	listTEST_LIST_ITEM_INTEGRITY( pxNewListItem );
 155:/home/vadimstupakov/Data/STM32/STM32Cube/Repository/STM32Cube_FW_F4_V1.10.0/Middlewares/Third_Party/FreeRTOS/Source/list.c **** 
 156:/home/vadimstupakov/Data/STM32/STM32Cube/Repository/STM32Cube_FW_F4_V1.10.0/Middlewares/Third_Party/FreeRTOS/Source/list.c **** 	/* Insert the new list item into the list, sorted in xItemValue order.
 157:/home/vadimstupakov/Data/STM32/STM32Cube/Repository/STM32Cube_FW_F4_V1.10.0/Middlewares/Third_Party/FreeRTOS/Source/list.c **** 
 158:/home/vadimstupakov/Data/STM32/STM32Cube/Repository/STM32Cube_FW_F4_V1.10.0/Middlewares/Third_Party/FreeRTOS/Source/list.c **** 	If the list already contains a list item with the same item value then the
 159:/home/vadimstupakov/Data/STM32/STM32Cube/Repository/STM32Cube_FW_F4_V1.10.0/Middlewares/Third_Party/FreeRTOS/Source/list.c **** 	new list item should be placed after it.  This ensures that TCB's which are
 160:/home/vadimstupakov/Data/STM32/STM32Cube/Repository/STM32Cube_FW_F4_V1.10.0/Middlewares/Third_Party/FreeRTOS/Source/list.c **** 	stored in ready lists (all of which have the same xItemValue value) get a
 161:/home/vadimstupakov/Data/STM32/STM32Cube/Repository/STM32Cube_FW_F4_V1.10.0/Middlewares/Third_Party/FreeRTOS/Source/list.c **** 	share of the CPU.  However, if the xItemValue is the same as the back marker
 162:/home/vadimstupakov/Data/STM32/STM32Cube/Repository/STM32Cube_FW_F4_V1.10.0/Middlewares/Third_Party/FreeRTOS/Source/list.c **** 	the iteration loop below will not end.  Therefore the value is checked
 163:/home/vadimstupakov/Data/STM32/STM32Cube/Repository/STM32Cube_FW_F4_V1.10.0/Middlewares/Third_Party/FreeRTOS/Source/list.c **** 	first, and the algorithm slightly modified if necessary. */
 164:/home/vadimstupakov/Data/STM32/STM32Cube/Repository/STM32Cube_FW_F4_V1.10.0/Middlewares/Third_Party/FreeRTOS/Source/list.c **** 	if( xValueOfInsertion == portMAX_DELAY )
 229              		.loc 1 164 0
 230 0010 BB68     		ldr	r3, [r7, #8]
 231 0012 B3F1FF3F 		cmp	r3, #-1
 232 0016 03D1     		bne	.L5
 165:/home/vadimstupakov/Data/STM32/STM32Cube/Repository/STM32Cube_FW_F4_V1.10.0/Middlewares/Third_Party/FreeRTOS/Source/list.c **** 	{
 166:/home/vadimstupakov/Data/STM32/STM32Cube/Repository/STM32Cube_FW_F4_V1.10.0/Middlewares/Third_Party/FreeRTOS/Source/list.c **** 		pxIterator = pxList->xListEnd.pxPrevious;
 233              		.loc 1 166 0
 234 0018 7B68     		ldr	r3, [r7, #4]
 235 001a 1B69     		ldr	r3, [r3, #16]
 236 001c FB60     		str	r3, [r7, #12]
 237 001e 0CE0     		b	.L6
 238              	.L5:
 167:/home/vadimstupakov/Data/STM32/STM32Cube/Repository/STM32Cube_FW_F4_V1.10.0/Middlewares/Third_Party/FreeRTOS/Source/list.c **** 	}
 168:/home/vadimstupakov/Data/STM32/STM32Cube/Repository/STM32Cube_FW_F4_V1.10.0/Middlewares/Third_Party/FreeRTOS/Source/list.c **** 	else
ARM GAS  /tmp/cc9pS5jp.s 			page 8


 169:/home/vadimstupakov/Data/STM32/STM32Cube/Repository/STM32Cube_FW_F4_V1.10.0/Middlewares/Third_Party/FreeRTOS/Source/list.c **** 	{
 170:/home/vadimstupakov/Data/STM32/STM32Cube/Repository/STM32Cube_FW_F4_V1.10.0/Middlewares/Third_Party/FreeRTOS/Source/list.c **** 		/* *** NOTE ***********************************************************
 171:/home/vadimstupakov/Data/STM32/STM32Cube/Repository/STM32Cube_FW_F4_V1.10.0/Middlewares/Third_Party/FreeRTOS/Source/list.c **** 		If you find your application is crashing here then likely causes are
 172:/home/vadimstupakov/Data/STM32/STM32Cube/Repository/STM32Cube_FW_F4_V1.10.0/Middlewares/Third_Party/FreeRTOS/Source/list.c **** 		listed below.  In addition see http://www.freertos.org/FAQHelp.html for
 173:/home/vadimstupakov/Data/STM32/STM32Cube/Repository/STM32Cube_FW_F4_V1.10.0/Middlewares/Third_Party/FreeRTOS/Source/list.c **** 		more tips, and ensure configASSERT() is defined!
 174:/home/vadimstupakov/Data/STM32/STM32Cube/Repository/STM32Cube_FW_F4_V1.10.0/Middlewares/Third_Party/FreeRTOS/Source/list.c **** 		http://www.freertos.org/a00110.html#configASSERT
 175:/home/vadimstupakov/Data/STM32/STM32Cube/Repository/STM32Cube_FW_F4_V1.10.0/Middlewares/Third_Party/FreeRTOS/Source/list.c **** 
 176:/home/vadimstupakov/Data/STM32/STM32Cube/Repository/STM32Cube_FW_F4_V1.10.0/Middlewares/Third_Party/FreeRTOS/Source/list.c **** 			1) Stack overflow -
 177:/home/vadimstupakov/Data/STM32/STM32Cube/Repository/STM32Cube_FW_F4_V1.10.0/Middlewares/Third_Party/FreeRTOS/Source/list.c **** 			   see http://www.freertos.org/Stacks-and-stack-overflow-checking.html
 178:/home/vadimstupakov/Data/STM32/STM32Cube/Repository/STM32Cube_FW_F4_V1.10.0/Middlewares/Third_Party/FreeRTOS/Source/list.c **** 			2) Incorrect interrupt priority assignment, especially on Cortex-M
 179:/home/vadimstupakov/Data/STM32/STM32Cube/Repository/STM32Cube_FW_F4_V1.10.0/Middlewares/Third_Party/FreeRTOS/Source/list.c **** 			   parts where numerically high priority values denote low actual
 180:/home/vadimstupakov/Data/STM32/STM32Cube/Repository/STM32Cube_FW_F4_V1.10.0/Middlewares/Third_Party/FreeRTOS/Source/list.c **** 			   interrupt priorities, which can seem counter intuitive.  See
 181:/home/vadimstupakov/Data/STM32/STM32Cube/Repository/STM32Cube_FW_F4_V1.10.0/Middlewares/Third_Party/FreeRTOS/Source/list.c **** 			   http://www.freertos.org/RTOS-Cortex-M3-M4.html and the definition
 182:/home/vadimstupakov/Data/STM32/STM32Cube/Repository/STM32Cube_FW_F4_V1.10.0/Middlewares/Third_Party/FreeRTOS/Source/list.c **** 			   of configMAX_SYSCALL_INTERRUPT_PRIORITY on
 183:/home/vadimstupakov/Data/STM32/STM32Cube/Repository/STM32Cube_FW_F4_V1.10.0/Middlewares/Third_Party/FreeRTOS/Source/list.c **** 			   http://www.freertos.org/a00110.html
 184:/home/vadimstupakov/Data/STM32/STM32Cube/Repository/STM32Cube_FW_F4_V1.10.0/Middlewares/Third_Party/FreeRTOS/Source/list.c **** 			3) Calling an API function from within a critical section or when
 185:/home/vadimstupakov/Data/STM32/STM32Cube/Repository/STM32Cube_FW_F4_V1.10.0/Middlewares/Third_Party/FreeRTOS/Source/list.c **** 			   the scheduler is suspended, or calling an API function that does
 186:/home/vadimstupakov/Data/STM32/STM32Cube/Repository/STM32Cube_FW_F4_V1.10.0/Middlewares/Third_Party/FreeRTOS/Source/list.c **** 			   not end in "FromISR" from an interrupt.
 187:/home/vadimstupakov/Data/STM32/STM32Cube/Repository/STM32Cube_FW_F4_V1.10.0/Middlewares/Third_Party/FreeRTOS/Source/list.c **** 			4) Using a queue or semaphore before it has been initialised or
 188:/home/vadimstupakov/Data/STM32/STM32Cube/Repository/STM32Cube_FW_F4_V1.10.0/Middlewares/Third_Party/FreeRTOS/Source/list.c **** 			   before the scheduler has been started (are interrupts firing
 189:/home/vadimstupakov/Data/STM32/STM32Cube/Repository/STM32Cube_FW_F4_V1.10.0/Middlewares/Third_Party/FreeRTOS/Source/list.c **** 			   before vTaskStartScheduler() has been called?).
 190:/home/vadimstupakov/Data/STM32/STM32Cube/Repository/STM32Cube_FW_F4_V1.10.0/Middlewares/Third_Party/FreeRTOS/Source/list.c **** 		**********************************************************************/
 191:/home/vadimstupakov/Data/STM32/STM32Cube/Repository/STM32Cube_FW_F4_V1.10.0/Middlewares/Third_Party/FreeRTOS/Source/list.c **** 
 192:/home/vadimstupakov/Data/STM32/STM32Cube/Repository/STM32Cube_FW_F4_V1.10.0/Middlewares/Third_Party/FreeRTOS/Source/list.c **** 		for( pxIterator = ( ListItem_t * ) &( pxList->xListEnd ); pxIterator->pxNext->xItemValue <= xValu
 239              		.loc 1 192 0
 240 0020 7B68     		ldr	r3, [r7, #4]
 241 0022 0833     		adds	r3, r3, #8
 242 0024 FB60     		str	r3, [r7, #12]
 243 0026 02E0     		b	.L7
 244              	.L8:
 245              		.loc 1 192 0 is_stmt 0 discriminator 3
 246 0028 FB68     		ldr	r3, [r7, #12]
 247 002a 5B68     		ldr	r3, [r3, #4]
 248 002c FB60     		str	r3, [r7, #12]
 249              	.L7:
 250              		.loc 1 192 0 discriminator 1
 251 002e FB68     		ldr	r3, [r7, #12]
 252 0030 5B68     		ldr	r3, [r3, #4]
 253 0032 1A68     		ldr	r2, [r3]
 254 0034 BB68     		ldr	r3, [r7, #8]
 255 0036 9A42     		cmp	r2, r3
 256 0038 F6D9     		bls	.L8
 257              	.L6:
 193:/home/vadimstupakov/Data/STM32/STM32Cube/Repository/STM32Cube_FW_F4_V1.10.0/Middlewares/Third_Party/FreeRTOS/Source/list.c **** 		{
 194:/home/vadimstupakov/Data/STM32/STM32Cube/Repository/STM32Cube_FW_F4_V1.10.0/Middlewares/Third_Party/FreeRTOS/Source/list.c **** 			/* There is nothing to do here, just iterating to the wanted
 195:/home/vadimstupakov/Data/STM32/STM32Cube/Repository/STM32Cube_FW_F4_V1.10.0/Middlewares/Third_Party/FreeRTOS/Source/list.c **** 			insertion position. */
 196:/home/vadimstupakov/Data/STM32/STM32Cube/Repository/STM32Cube_FW_F4_V1.10.0/Middlewares/Third_Party/FreeRTOS/Source/list.c **** 		}
 197:/home/vadimstupakov/Data/STM32/STM32Cube/Repository/STM32Cube_FW_F4_V1.10.0/Middlewares/Third_Party/FreeRTOS/Source/list.c **** 	}
 198:/home/vadimstupakov/Data/STM32/STM32Cube/Repository/STM32Cube_FW_F4_V1.10.0/Middlewares/Third_Party/FreeRTOS/Source/list.c **** 
 199:/home/vadimstupakov/Data/STM32/STM32Cube/Repository/STM32Cube_FW_F4_V1.10.0/Middlewares/Third_Party/FreeRTOS/Source/list.c **** 	pxNewListItem->pxNext = pxIterator->pxNext;
 258              		.loc 1 199 0 is_stmt 1
 259 003a FB68     		ldr	r3, [r7, #12]
 260 003c 5A68     		ldr	r2, [r3, #4]
 261 003e 3B68     		ldr	r3, [r7]
 262 0040 5A60     		str	r2, [r3, #4]
 200:/home/vadimstupakov/Data/STM32/STM32Cube/Repository/STM32Cube_FW_F4_V1.10.0/Middlewares/Third_Party/FreeRTOS/Source/list.c **** 	pxNewListItem->pxNext->pxPrevious = pxNewListItem;
 263              		.loc 1 200 0
ARM GAS  /tmp/cc9pS5jp.s 			page 9


 264 0042 3B68     		ldr	r3, [r7]
 265 0044 5B68     		ldr	r3, [r3, #4]
 266 0046 3A68     		ldr	r2, [r7]
 267 0048 9A60     		str	r2, [r3, #8]
 201:/home/vadimstupakov/Data/STM32/STM32Cube/Repository/STM32Cube_FW_F4_V1.10.0/Middlewares/Third_Party/FreeRTOS/Source/list.c **** 	pxNewListItem->pxPrevious = pxIterator;
 268              		.loc 1 201 0
 269 004a 3B68     		ldr	r3, [r7]
 270 004c FA68     		ldr	r2, [r7, #12]
 271 004e 9A60     		str	r2, [r3, #8]
 202:/home/vadimstupakov/Data/STM32/STM32Cube/Repository/STM32Cube_FW_F4_V1.10.0/Middlewares/Third_Party/FreeRTOS/Source/list.c **** 	pxIterator->pxNext = pxNewListItem;
 272              		.loc 1 202 0
 273 0050 FB68     		ldr	r3, [r7, #12]
 274 0052 3A68     		ldr	r2, [r7]
 275 0054 5A60     		str	r2, [r3, #4]
 203:/home/vadimstupakov/Data/STM32/STM32Cube/Repository/STM32Cube_FW_F4_V1.10.0/Middlewares/Third_Party/FreeRTOS/Source/list.c **** 
 204:/home/vadimstupakov/Data/STM32/STM32Cube/Repository/STM32Cube_FW_F4_V1.10.0/Middlewares/Third_Party/FreeRTOS/Source/list.c **** 	/* Remember which list the item is in.  This allows fast removal of the
 205:/home/vadimstupakov/Data/STM32/STM32Cube/Repository/STM32Cube_FW_F4_V1.10.0/Middlewares/Third_Party/FreeRTOS/Source/list.c **** 	item later. */
 206:/home/vadimstupakov/Data/STM32/STM32Cube/Repository/STM32Cube_FW_F4_V1.10.0/Middlewares/Third_Party/FreeRTOS/Source/list.c **** 	pxNewListItem->pvContainer = ( void * ) pxList;
 276              		.loc 1 206 0
 277 0056 3B68     		ldr	r3, [r7]
 278 0058 7A68     		ldr	r2, [r7, #4]
 279 005a 1A61     		str	r2, [r3, #16]
 207:/home/vadimstupakov/Data/STM32/STM32Cube/Repository/STM32Cube_FW_F4_V1.10.0/Middlewares/Third_Party/FreeRTOS/Source/list.c **** 
 208:/home/vadimstupakov/Data/STM32/STM32Cube/Repository/STM32Cube_FW_F4_V1.10.0/Middlewares/Third_Party/FreeRTOS/Source/list.c **** 	( pxList->uxNumberOfItems )++;
 280              		.loc 1 208 0
 281 005c 7B68     		ldr	r3, [r7, #4]
 282 005e 1B68     		ldr	r3, [r3]
 283 0060 5A1C     		adds	r2, r3, #1
 284 0062 7B68     		ldr	r3, [r7, #4]
 285 0064 1A60     		str	r2, [r3]
 209:/home/vadimstupakov/Data/STM32/STM32Cube/Repository/STM32Cube_FW_F4_V1.10.0/Middlewares/Third_Party/FreeRTOS/Source/list.c **** }
 286              		.loc 1 209 0
 287 0066 1437     		adds	r7, r7, #20
 288              	.LCFI21:
 289              		.cfi_def_cfa_offset 4
 290 0068 BD46     		mov	sp, r7
 291              	.LCFI22:
 292              		.cfi_def_cfa_register 13
 293              		@ sp needed
 294 006a 5DF8047B 		ldr	r7, [sp], #4
 295              	.LCFI23:
 296              		.cfi_restore 7
 297              		.cfi_def_cfa_offset 0
 298 006e 7047     		bx	lr
 299              		.cfi_endproc
 300              	.LFE7:
 302              		.section	.text.uxListRemove,"ax",%progbits
 303              		.align	2
 304              		.global	uxListRemove
 305              		.thumb
 306              		.thumb_func
 308              	uxListRemove:
 309              	.LFB8:
 210:/home/vadimstupakov/Data/STM32/STM32Cube/Repository/STM32Cube_FW_F4_V1.10.0/Middlewares/Third_Party/FreeRTOS/Source/list.c **** /*-----------------------------------------------------------*/
 211:/home/vadimstupakov/Data/STM32/STM32Cube/Repository/STM32Cube_FW_F4_V1.10.0/Middlewares/Third_Party/FreeRTOS/Source/list.c **** 
 212:/home/vadimstupakov/Data/STM32/STM32Cube/Repository/STM32Cube_FW_F4_V1.10.0/Middlewares/Third_Party/FreeRTOS/Source/list.c **** UBaseType_t uxListRemove( ListItem_t * const pxItemToRemove )
 213:/home/vadimstupakov/Data/STM32/STM32Cube/Repository/STM32Cube_FW_F4_V1.10.0/Middlewares/Third_Party/FreeRTOS/Source/list.c **** {
ARM GAS  /tmp/cc9pS5jp.s 			page 10


 310              		.loc 1 213 0
 311              		.cfi_startproc
 312              		@ args = 0, pretend = 0, frame = 16
 313              		@ frame_needed = 1, uses_anonymous_args = 0
 314              		@ link register save eliminated.
 315 0000 80B4     		push	{r7}
 316              	.LCFI24:
 317              		.cfi_def_cfa_offset 4
 318              		.cfi_offset 7, -4
 319 0002 85B0     		sub	sp, sp, #20
 320              	.LCFI25:
 321              		.cfi_def_cfa_offset 24
 322 0004 00AF     		add	r7, sp, #0
 323              	.LCFI26:
 324              		.cfi_def_cfa_register 7
 325 0006 7860     		str	r0, [r7, #4]
 214:/home/vadimstupakov/Data/STM32/STM32Cube/Repository/STM32Cube_FW_F4_V1.10.0/Middlewares/Third_Party/FreeRTOS/Source/list.c **** /* The list item knows which list it is in.  Obtain the list from the list
 215:/home/vadimstupakov/Data/STM32/STM32Cube/Repository/STM32Cube_FW_F4_V1.10.0/Middlewares/Third_Party/FreeRTOS/Source/list.c **** item. */
 216:/home/vadimstupakov/Data/STM32/STM32Cube/Repository/STM32Cube_FW_F4_V1.10.0/Middlewares/Third_Party/FreeRTOS/Source/list.c **** List_t * const pxList = ( List_t * ) pxItemToRemove->pvContainer;
 326              		.loc 1 216 0
 327 0008 7B68     		ldr	r3, [r7, #4]
 328 000a 1B69     		ldr	r3, [r3, #16]
 329 000c FB60     		str	r3, [r7, #12]
 217:/home/vadimstupakov/Data/STM32/STM32Cube/Repository/STM32Cube_FW_F4_V1.10.0/Middlewares/Third_Party/FreeRTOS/Source/list.c **** 
 218:/home/vadimstupakov/Data/STM32/STM32Cube/Repository/STM32Cube_FW_F4_V1.10.0/Middlewares/Third_Party/FreeRTOS/Source/list.c **** 	pxItemToRemove->pxNext->pxPrevious = pxItemToRemove->pxPrevious;
 330              		.loc 1 218 0
 331 000e 7B68     		ldr	r3, [r7, #4]
 332 0010 5B68     		ldr	r3, [r3, #4]
 333 0012 7A68     		ldr	r2, [r7, #4]
 334 0014 9268     		ldr	r2, [r2, #8]
 335 0016 9A60     		str	r2, [r3, #8]
 219:/home/vadimstupakov/Data/STM32/STM32Cube/Repository/STM32Cube_FW_F4_V1.10.0/Middlewares/Third_Party/FreeRTOS/Source/list.c **** 	pxItemToRemove->pxPrevious->pxNext = pxItemToRemove->pxNext;
 336              		.loc 1 219 0
 337 0018 7B68     		ldr	r3, [r7, #4]
 338 001a 9B68     		ldr	r3, [r3, #8]
 339 001c 7A68     		ldr	r2, [r7, #4]
 340 001e 5268     		ldr	r2, [r2, #4]
 341 0020 5A60     		str	r2, [r3, #4]
 220:/home/vadimstupakov/Data/STM32/STM32Cube/Repository/STM32Cube_FW_F4_V1.10.0/Middlewares/Third_Party/FreeRTOS/Source/list.c **** 
 221:/home/vadimstupakov/Data/STM32/STM32Cube/Repository/STM32Cube_FW_F4_V1.10.0/Middlewares/Third_Party/FreeRTOS/Source/list.c **** 	/* Only used during decision coverage testing. */
 222:/home/vadimstupakov/Data/STM32/STM32Cube/Repository/STM32Cube_FW_F4_V1.10.0/Middlewares/Third_Party/FreeRTOS/Source/list.c **** 	mtCOVERAGE_TEST_DELAY();
 223:/home/vadimstupakov/Data/STM32/STM32Cube/Repository/STM32Cube_FW_F4_V1.10.0/Middlewares/Third_Party/FreeRTOS/Source/list.c **** 
 224:/home/vadimstupakov/Data/STM32/STM32Cube/Repository/STM32Cube_FW_F4_V1.10.0/Middlewares/Third_Party/FreeRTOS/Source/list.c **** 	/* Make sure the index is left pointing to a valid item. */
 225:/home/vadimstupakov/Data/STM32/STM32Cube/Repository/STM32Cube_FW_F4_V1.10.0/Middlewares/Third_Party/FreeRTOS/Source/list.c **** 	if( pxList->pxIndex == pxItemToRemove )
 342              		.loc 1 225 0
 343 0022 FB68     		ldr	r3, [r7, #12]
 344 0024 5A68     		ldr	r2, [r3, #4]
 345 0026 7B68     		ldr	r3, [r7, #4]
 346 0028 9A42     		cmp	r2, r3
 347 002a 03D1     		bne	.L10
 226:/home/vadimstupakov/Data/STM32/STM32Cube/Repository/STM32Cube_FW_F4_V1.10.0/Middlewares/Third_Party/FreeRTOS/Source/list.c **** 	{
 227:/home/vadimstupakov/Data/STM32/STM32Cube/Repository/STM32Cube_FW_F4_V1.10.0/Middlewares/Third_Party/FreeRTOS/Source/list.c **** 		pxList->pxIndex = pxItemToRemove->pxPrevious;
 348              		.loc 1 227 0
 349 002c 7B68     		ldr	r3, [r7, #4]
 350 002e 9A68     		ldr	r2, [r3, #8]
 351 0030 FB68     		ldr	r3, [r7, #12]
 352 0032 5A60     		str	r2, [r3, #4]
ARM GAS  /tmp/cc9pS5jp.s 			page 11


 353              	.L10:
 228:/home/vadimstupakov/Data/STM32/STM32Cube/Repository/STM32Cube_FW_F4_V1.10.0/Middlewares/Third_Party/FreeRTOS/Source/list.c **** 	}
 229:/home/vadimstupakov/Data/STM32/STM32Cube/Repository/STM32Cube_FW_F4_V1.10.0/Middlewares/Third_Party/FreeRTOS/Source/list.c **** 	else
 230:/home/vadimstupakov/Data/STM32/STM32Cube/Repository/STM32Cube_FW_F4_V1.10.0/Middlewares/Third_Party/FreeRTOS/Source/list.c **** 	{
 231:/home/vadimstupakov/Data/STM32/STM32Cube/Repository/STM32Cube_FW_F4_V1.10.0/Middlewares/Third_Party/FreeRTOS/Source/list.c **** 		mtCOVERAGE_TEST_MARKER();
 232:/home/vadimstupakov/Data/STM32/STM32Cube/Repository/STM32Cube_FW_F4_V1.10.0/Middlewares/Third_Party/FreeRTOS/Source/list.c **** 	}
 233:/home/vadimstupakov/Data/STM32/STM32Cube/Repository/STM32Cube_FW_F4_V1.10.0/Middlewares/Third_Party/FreeRTOS/Source/list.c **** 
 234:/home/vadimstupakov/Data/STM32/STM32Cube/Repository/STM32Cube_FW_F4_V1.10.0/Middlewares/Third_Party/FreeRTOS/Source/list.c **** 	pxItemToRemove->pvContainer = NULL;
 354              		.loc 1 234 0
 355 0034 7B68     		ldr	r3, [r7, #4]
 356 0036 0022     		movs	r2, #0
 357 0038 1A61     		str	r2, [r3, #16]
 235:/home/vadimstupakov/Data/STM32/STM32Cube/Repository/STM32Cube_FW_F4_V1.10.0/Middlewares/Third_Party/FreeRTOS/Source/list.c **** 	( pxList->uxNumberOfItems )--;
 358              		.loc 1 235 0
 359 003a FB68     		ldr	r3, [r7, #12]
 360 003c 1B68     		ldr	r3, [r3]
 361 003e 5A1E     		subs	r2, r3, #1
 362 0040 FB68     		ldr	r3, [r7, #12]
 363 0042 1A60     		str	r2, [r3]
 236:/home/vadimstupakov/Data/STM32/STM32Cube/Repository/STM32Cube_FW_F4_V1.10.0/Middlewares/Third_Party/FreeRTOS/Source/list.c **** 
 237:/home/vadimstupakov/Data/STM32/STM32Cube/Repository/STM32Cube_FW_F4_V1.10.0/Middlewares/Third_Party/FreeRTOS/Source/list.c **** 	return pxList->uxNumberOfItems;
 364              		.loc 1 237 0
 365 0044 FB68     		ldr	r3, [r7, #12]
 366 0046 1B68     		ldr	r3, [r3]
 238:/home/vadimstupakov/Data/STM32/STM32Cube/Repository/STM32Cube_FW_F4_V1.10.0/Middlewares/Third_Party/FreeRTOS/Source/list.c **** }
 367              		.loc 1 238 0
 368 0048 1846     		mov	r0, r3
 369 004a 1437     		adds	r7, r7, #20
 370              	.LCFI27:
 371              		.cfi_def_cfa_offset 4
 372 004c BD46     		mov	sp, r7
 373              	.LCFI28:
 374              		.cfi_def_cfa_register 13
 375              		@ sp needed
 376 004e 5DF8047B 		ldr	r7, [sp], #4
 377              	.LCFI29:
 378              		.cfi_restore 7
 379              		.cfi_def_cfa_offset 0
 380 0052 7047     		bx	lr
 381              		.cfi_endproc
 382              	.LFE8:
 384              		.text
 385              	.Letext0:
 386              		.file 2 "/usr/include/newlib/machine/_default_types.h"
 387              		.file 3 "/usr/include/newlib/stdint.h"
 388              		.file 4 "/home/vadimstupakov/Data/STM32/STM32Cube/Repository/STM32Cube_FW_F4_V1.10.0/Middlewares/T
 389              		.file 5 "/home/vadimstupakov/Data/STM32/STM32Cube/Repository/STM32Cube_FW_F4_V1.10.0/Middlewares/T
ARM GAS  /tmp/cc9pS5jp.s 			page 12


DEFINED SYMBOLS
                            *ABS*:0000000000000000 list.c
     /tmp/cc9pS5jp.s:20     .text.vListInitialise:0000000000000000 $t
     /tmp/cc9pS5jp.s:25     .text.vListInitialise:0000000000000000 vListInitialise
     /tmp/cc9pS5jp.s:84     .text.vListInitialiseItem:0000000000000000 $t
     /tmp/cc9pS5jp.s:89     .text.vListInitialiseItem:0000000000000000 vListInitialiseItem
     /tmp/cc9pS5jp.s:128    .text.vListInsertEnd:0000000000000000 $t
     /tmp/cc9pS5jp.s:133    .text.vListInsertEnd:0000000000000000 vListInsertEnd
     /tmp/cc9pS5jp.s:201    .text.vListInsert:0000000000000000 $t
     /tmp/cc9pS5jp.s:206    .text.vListInsert:0000000000000000 vListInsert
     /tmp/cc9pS5jp.s:303    .text.uxListRemove:0000000000000000 $t
     /tmp/cc9pS5jp.s:308    .text.uxListRemove:0000000000000000 uxListRemove
                     .debug_frame:0000000000000010 $d

NO UNDEFINED SYMBOLS
