ARM GAS  /tmp/cct5P7vC.s 			page 1


   1              		.syntax unified
   2              		.cpu cortex-m4
   3              		.eabi_attribute 27, 1
   4              		.fpu fpv4-sp-d16
   5              		.eabi_attribute 20, 1
   6              		.eabi_attribute 21, 1
   7              		.eabi_attribute 23, 3
   8              		.eabi_attribute 24, 1
   9              		.eabi_attribute 25, 1
  10              		.eabi_attribute 26, 1
  11              		.eabi_attribute 30, 6
  12              		.eabi_attribute 34, 1
  13              		.eabi_attribute 18, 4
  14              		.thumb
  15              		.file	"stm32f4xx_hal_flash_ramfunc.c"
  16              		.text
  17              	.Ltext0:
  18              		.cfi_sections	.debug_frame
  19              	.Letext0:
  20              		.file 1 "/usr/include/newlib/machine/_default_types.h"
  21              		.file 2 "/usr/include/newlib/stdint.h"
  22              		.file 3 "/home/vadimstupakov/Data/STM32/STM32Cube/Repository/STM32Cube_FW_F4_V1.10.0/Drivers/CMSIS
ARM GAS  /tmp/cct5P7vC.s 			page 2


DEFINED SYMBOLS
                            *ABS*:0000000000000000 stm32f4xx_hal_flash_ramfunc.c

NO UNDEFINED SYMBOLS
