ARM GAS  /tmp/ccth8vM9.s 			page 1


   1              		.syntax unified
   2              		.cpu cortex-m4
   3              		.eabi_attribute 27, 1
   4              		.fpu fpv4-sp-d16
   5              		.eabi_attribute 20, 1
   6              		.eabi_attribute 21, 1
   7              		.eabi_attribute 23, 3
   8              		.eabi_attribute 24, 1
   9              		.eabi_attribute 25, 1
  10              		.eabi_attribute 26, 1
  11              		.eabi_attribute 30, 6
  12              		.eabi_attribute 34, 1
  13              		.eabi_attribute 18, 4
  14              		.thumb
  15              		.file	"stm32f4xx_hal_msp.c"
  16              		.text
  17              	.Ltext0:
  18              		.cfi_sections	.debug_frame
  19              		.section	.text.HAL_MspInit,"ax",%progbits
  20              		.align	2
  21              		.global	HAL_MspInit
  22              		.thumb
  23              		.thumb_func
  25              	HAL_MspInit:
  26              	.LFB125:
  27              		.file 1 "Src/stm32f4xx_hal_msp.c"
   1:Src/stm32f4xx_hal_msp.c **** /**
   2:Src/stm32f4xx_hal_msp.c ****   ******************************************************************************
   3:Src/stm32f4xx_hal_msp.c ****   * File Name          : stm32f4xx_hal_msp.c
   4:Src/stm32f4xx_hal_msp.c ****   * Description        : This file provides code for the MSP Initialization 
   5:Src/stm32f4xx_hal_msp.c ****   *                      and de-Initialization codes.
   6:Src/stm32f4xx_hal_msp.c ****   ******************************************************************************
   7:Src/stm32f4xx_hal_msp.c ****   *
   8:Src/stm32f4xx_hal_msp.c ****   * COPYRIGHT(c) 2016 STMicroelectronics
   9:Src/stm32f4xx_hal_msp.c ****   *
  10:Src/stm32f4xx_hal_msp.c ****   * Redistribution and use in source and binary forms, with or without modification,
  11:Src/stm32f4xx_hal_msp.c ****   * are permitted provided that the following conditions are met:
  12:Src/stm32f4xx_hal_msp.c ****   *   1. Redistributions of source code must retain the above copyright notice,
  13:Src/stm32f4xx_hal_msp.c ****   *      this list of conditions and the following disclaimer.
  14:Src/stm32f4xx_hal_msp.c ****   *   2. Redistributions in binary form must reproduce the above copyright notice,
  15:Src/stm32f4xx_hal_msp.c ****   *      this list of conditions and the following disclaimer in the documentation
  16:Src/stm32f4xx_hal_msp.c ****   *      and/or other materials provided with the distribution.
  17:Src/stm32f4xx_hal_msp.c ****   *   3. Neither the name of STMicroelectronics nor the names of its contributors
  18:Src/stm32f4xx_hal_msp.c ****   *      may be used to endorse or promote products derived from this software
  19:Src/stm32f4xx_hal_msp.c ****   *      without specific prior written permission.
  20:Src/stm32f4xx_hal_msp.c ****   *
  21:Src/stm32f4xx_hal_msp.c ****   * THIS SOFTWARE IS PROVIDED BY THE COPYRIGHT HOLDERS AND CONTRIBUTORS "AS IS"
  22:Src/stm32f4xx_hal_msp.c ****   * AND ANY EXPRESS OR IMPLIED WARRANTIES, INCLUDING, BUT NOT LIMITED TO, THE
  23:Src/stm32f4xx_hal_msp.c ****   * IMPLIED WARRANTIES OF MERCHANTABILITY AND FITNESS FOR A PARTICULAR PURPOSE ARE
  24:Src/stm32f4xx_hal_msp.c ****   * DISCLAIMED. IN NO EVENT SHALL THE COPYRIGHT HOLDER OR CONTRIBUTORS BE LIABLE
  25:Src/stm32f4xx_hal_msp.c ****   * FOR ANY DIRECT, INDIRECT, INCIDENTAL, SPECIAL, EXEMPLARY, OR CONSEQUENTIAL
  26:Src/stm32f4xx_hal_msp.c ****   * DAMAGES (INCLUDING, BUT NOT LIMITED TO, PROCUREMENT OF SUBSTITUTE GOODS OR
  27:Src/stm32f4xx_hal_msp.c ****   * SERVICES; LOSS OF USE, DATA, OR PROFITS; OR BUSINESS INTERRUPTION) HOWEVER
  28:Src/stm32f4xx_hal_msp.c ****   * CAUSED AND ON ANY THEORY OF LIABILITY, WHETHER IN CONTRACT, STRICT LIABILITY,
  29:Src/stm32f4xx_hal_msp.c ****   * OR TORT (INCLUDING NEGLIGENCE OR OTHERWISE) ARISING IN ANY WAY OUT OF THE USE
  30:Src/stm32f4xx_hal_msp.c ****   * OF THIS SOFTWARE, EVEN IF ADVISED OF THE POSSIBILITY OF SUCH DAMAGE.
  31:Src/stm32f4xx_hal_msp.c ****   *
ARM GAS  /tmp/ccth8vM9.s 			page 2


  32:Src/stm32f4xx_hal_msp.c ****   ******************************************************************************
  33:Src/stm32f4xx_hal_msp.c ****   */
  34:Src/stm32f4xx_hal_msp.c **** /* Includes ------------------------------------------------------------------*/
  35:Src/stm32f4xx_hal_msp.c **** #include "stm32f4xx_hal.h"
  36:Src/stm32f4xx_hal_msp.c **** 
  37:Src/stm32f4xx_hal_msp.c **** /* USER CODE BEGIN 0 */
  38:Src/stm32f4xx_hal_msp.c **** 
  39:Src/stm32f4xx_hal_msp.c **** /* USER CODE END 0 */
  40:Src/stm32f4xx_hal_msp.c **** 
  41:Src/stm32f4xx_hal_msp.c **** /**
  42:Src/stm32f4xx_hal_msp.c ****   * Initializes the Global MSP.
  43:Src/stm32f4xx_hal_msp.c ****   */
  44:Src/stm32f4xx_hal_msp.c **** void HAL_MspInit(void)
  45:Src/stm32f4xx_hal_msp.c **** {
  28              		.loc 1 45 0
  29              		.cfi_startproc
  30              		@ args = 0, pretend = 0, frame = 0
  31              		@ frame_needed = 1, uses_anonymous_args = 0
  32 0000 80B5     		push	{r7, lr}
  33              	.LCFI0:
  34              		.cfi_def_cfa_offset 8
  35              		.cfi_offset 7, -8
  36              		.cfi_offset 14, -4
  37 0002 00AF     		add	r7, sp, #0
  38              	.LCFI1:
  39              		.cfi_def_cfa_register 7
  46:Src/stm32f4xx_hal_msp.c ****   /* USER CODE BEGIN MspInit 0 */
  47:Src/stm32f4xx_hal_msp.c **** 
  48:Src/stm32f4xx_hal_msp.c ****   /* USER CODE END MspInit 0 */
  49:Src/stm32f4xx_hal_msp.c **** 
  50:Src/stm32f4xx_hal_msp.c ****   HAL_NVIC_SetPriorityGrouping(NVIC_PRIORITYGROUP_4);
  40              		.loc 1 50 0
  41 0004 0320     		movs	r0, #3
  42 0006 FFF7FEFF 		bl	HAL_NVIC_SetPriorityGrouping
  51:Src/stm32f4xx_hal_msp.c **** 
  52:Src/stm32f4xx_hal_msp.c ****   /* System interrupt init*/
  53:Src/stm32f4xx_hal_msp.c ****   /* SysTick_IRQn interrupt configuration */
  54:Src/stm32f4xx_hal_msp.c ****   HAL_NVIC_SetPriority(SysTick_IRQn, 15, 0);
  43              		.loc 1 54 0
  44 000a 4FF0FF30 		mov	r0, #-1
  45 000e 0F21     		movs	r1, #15
  46 0010 0022     		movs	r2, #0
  47 0012 FFF7FEFF 		bl	HAL_NVIC_SetPriority
  55:Src/stm32f4xx_hal_msp.c **** 
  56:Src/stm32f4xx_hal_msp.c ****   /* USER CODE BEGIN MspInit 1 */
  57:Src/stm32f4xx_hal_msp.c **** 
  58:Src/stm32f4xx_hal_msp.c ****   /* USER CODE END MspInit 1 */
  59:Src/stm32f4xx_hal_msp.c **** }
  48              		.loc 1 59 0
  49 0016 80BD     		pop	{r7, pc}
  50              		.cfi_endproc
  51              	.LFE125:
  53              		.text
  54              	.Letext0:
  55              		.file 2 "/usr/include/newlib/machine/_default_types.h"
  56              		.file 3 "/usr/include/newlib/stdint.h"
  57              		.file 4 "/home/vadimstupakov/Data/STM32/STM32Cube/Repository/STM32Cube_FW_F4_V1.10.0/Drivers/CMSIS
ARM GAS  /tmp/ccth8vM9.s 			page 3


  58              		.file 5 "/home/vadimstupakov/Data/STM32/STM32Cube/Repository/STM32Cube_FW_F4_V1.10.0/Drivers/CMSIS
ARM GAS  /tmp/ccth8vM9.s 			page 4


DEFINED SYMBOLS
                            *ABS*:0000000000000000 stm32f4xx_hal_msp.c
     /tmp/ccth8vM9.s:20     .text.HAL_MspInit:0000000000000000 $t
     /tmp/ccth8vM9.s:25     .text.HAL_MspInit:0000000000000000 HAL_MspInit
                     .debug_frame:0000000000000010 $d

UNDEFINED SYMBOLS
HAL_NVIC_SetPriorityGrouping
HAL_NVIC_SetPriority
